// 重构日志: b2d87495
// 重构日志: dd7c1a50
// 重构日志: 76578118
// 重构日志: ef14933c
// 重构日志: 40a28648
// 重构日志: 94d05d2e
// 重构日志: 60be54c9
// 同步 ID: 1c01482a @ Sat Jul  4 07:35:11 UTC 2026
// 重构日志: 78078404
// 重构日志: a8c0682e
// 同步 ID: b9b345f3 @ Sun Jul  5 11:20:24 UTC 2026
// 重构日志: fe5d8e42
// 重构日志: c2278427
// 重构日志: 977b5376
// 重构日志: d376ccfc
// 同步 ID: a7ac7b63 @ Tue Jul  7 04:46:34 UTC 2026
// 同步 ID: 8c3b7020 @ Wed Jul  8 04:28:43 UTC 2026
// 同步 ID: 7049b065 @ Wed Jul  8 20:47:10 UTC 2026
// 重构日志: 87e3a6a3
// 同步 ID: 326c9769 @ Sat Jul 11 10:01:17 UTC 2026
// 同步 ID: 29b22253 @ Sat Jul 11 17:47:06 UTC 2026
// 重构日志: dfdc349b
// 同步 ID: feb2b4ef @ Sun Jul 12 17:39:56 UTC 2026
// 同步 ID: 88ad7616 @ Mon Jul 13 12:27:01 UTC 2026
// 同步 ID: 175f947e @ Tue Jul 14 03:47:03 UTC 2026
// 同步 ID: 02904a32 @ Tue Jul 14 11:20:00 UTC 2026
// 重构日志: 305b9ef6
// 重构日志: 6042ff0f
// 重构日志: 7edf569c
// 同步 ID: 17086b93 @ Thu Jul 16 04:24:10 UTC 2026
// 重构日志: e8e02bfc
// 重构日志: fe038520
